<?xml version="1.0" encoding="UTF-8"?>
<testsuite xmlns:xsi="http://www.w3.org/2001/XMLSchema-instance" xsi:noNamespaceSchemaLocation="https://maven.apache.org/surefire/maven-surefire-plugin/xsd/surefire-test-report.xsd" name="com.project.human.resource.HumanResourceControllerTest" time="6.212" tests="11" errors="0" skipped="0" failures="0">
  <properties>
[...]
</properties>
  <testcase name="testAcceptCase" classname="com.project.human.resource.HumanResourceControllerTest" time="2.947"/>
  <testcase name="testPostLogin" classname="com.project.human.resource.HumanResourceControllerTest" time="0.501"/>
  <testcase name="testLogin" classname="com.project.human.resource.HumanResourceControllerTest" time="0.057"/>
  <testcase name="testCase" classname="com.project.human.resource.HumanResourceControllerTest" time="0.081"/>
  <testcase name="testRegisterUser" classname="com.project.human.resource.HumanResourceControllerTest" time="0.049"/>
  <testcase name="testAddCases" classname="com.project.human.resource.HumanResourceControllerTest" time="0.061"/>
  <testcase name="testPostRegister" classname="com.project.human.resource.HumanResourceControllerTest" time="0.042"/>
  <testcase name="testDeclineCase" classname="com.project.human.resource.HumanResourceControllerTest" time="0.951"/>
  <testcase name="testRoutesHome" classname="com.project.human.resource.HumanResourceControllerTest" time="0.407"/>
  <testcase name="testAddCaseComment" classname="com.project.human.resource.HumanResourceControllerTest" time="0.006"/>
  <testcase name="testaddCase" classname="com.project.human.resource.HumanResourceControllerTest" time="0"/>
</testsuite>